<?xml version="1.0" encoding="UTF-8"?>
<!-- Generated by org.testng.reporters.JUnitReportReporter -->
<testsuite hostname="DESKTOP-93PTIUJ" failures="0" tests="1" name="ravi.Createproject1" time="0.050" errors="0" timestamp="2022-11-17T10:10:27 IST" skipped="0">
  <testcase classname="ravi.Createproject1" name="Create" time="0.050"/>
  <system-out/>
</testsuite> <!-- ravi.Createproject1 -->
