<?xml version="1.0" encoding="UTF-8"?>
<!-- Generated by org.testng.reporters.JUnitReportReporter -->
<testsuite hostname="DESKTOP-93PTIUJ" failures="0" tests="1" name="ravi.CreatprojectTest" time="0.025" errors="0" timestamp="2022-11-17T10:10:41 IST" skipped="0">
  <testcase classname="ravi.CreatprojectTest" name="Create" time="0.025"/>
  <system-out/>
</testsuite> <!-- ravi.CreatprojectTest -->
